INFO:root:0, 0, 0.8, 0.8, 0.0
INFO:root:0, 1, 0.8, 0.8, 0.0
INFO:root:0, 2, 0.8, 0.7333333333333333, 0.06666666666666676
INFO:root:0, 3, 0.8, 0.8, 0.0
INFO:root:0, 4, 0.8, 0.8, 0.0
INFO:root:0, 5, 0.8, 0.8, 0.0
INFO:root:0, 6, 0.8, 0.8, 0.0
INFO:root:0, 7, 0.8, 0.8, 0.0
INFO:root:0, 8, 0.8, 0.7333333333333333, 0.06666666666666676
INFO:root:0, 9, 0.8, 0.7333333333333333, 0.06666666666666676
INFO:root:0, 0, 0.8, 0.8, 0.0
INFO:root:0, 1, 0.8, 0.8, 0.0
INFO:root:0, 2, 0.8, 0.7666666666666667, 0.033333333333333326
INFO:root:0, 3, 0.8, 0.8, 0.0
INFO:root:0, 4, 0.8, 0.8, 0.0
INFO:root:0, 5, 0.8, 0.7666666666666667, 0.033333333333333326
INFO:root:0, 6, 0.8, 0.8, 0.0
INFO:root:0, 7, 0.8, 0.7666666666666667, 0.033333333333333326
INFO:root:0, 8, 0.8, 0.7666666666666667, 0.033333333333333326
INFO:root:0, 9, 0.8, 0.7333333333333333, 0.06666666666666676
INFO:root:run: 0/1
INFO:root:RANDOM
INFO:root:run: 0/1
INFO:root:RANDOM
INFO:root:rand, 0, 0, 0.8, 0.8, 0.0
INFO:root:rand, 0, 1, 0.8, 0.8, 0.0
INFO:root:rand, 0, 2, 0.8, 0.7333333333333333, 0.06666666666666676
INFO:root:rand, 0, 3, 0.8, 0.8, 0.0
INFO:root:rand, 0, 4, 0.8, 0.8, 0.0
INFO:root:rand, 0, 5, 0.8, 0.8, 0.0
INFO:root:rand, 0, 6, 0.8, 0.8, 0.0
INFO:root:rand, 0, 7, 0.8, 0.7333333333333333, 0.06666666666666676
INFO:root:rand, 0, 8, 0.8, 0.7333333333333333, 0.06666666666666676
INFO:root:rand, 0, 9, 0.8, 0.7333333333333333, 0.06666666666666676
INFO:root:RL
INFO:root:run: 0/1
INFO:root:RANDOM
INFO:root:rand, 0, 0, 0.8, 0.8, 0.0
INFO:root:rand, 0, 1, 0.8, 0.8, 0.0
INFO:root:rand, 0, 2, 0.8, 0.7333333333333333, 0.06666666666666676
INFO:root:rand, 0, 3, 0.8, 0.8, 0.0
INFO:root:rand, 0, 4, 0.8, 0.8, 0.0
INFO:root:rand, 0, 5, 0.8, 0.8, 0.0
INFO:root:rand, 0, 6, 0.8, 0.8, 0.0
INFO:root:rand, 0, 7, 0.8, 0.7333333333333333, 0.06666666666666676
INFO:root:rand, 0, 8, 0.8, 0.7333333333333333, 0.06666666666666676
INFO:root:rand, 0, 9, 0.8, 0.7333333333333333, 0.06666666666666676
INFO:root:RL
INFO:root:rl, 0, 0, 0.8, 0.8, 0.0
INFO:root:rl, 0, 1, 0.8, 0.8, 0.0
INFO:root:rl, 0, 2, 0.8, 0.7666666666666667, 0.033333333333333326
INFO:root:rl, 0, 3, 0.8, 0.7666666666666667, 0.033333333333333326
INFO:root:rl, 0, 4, 0.8, 0.8, 0.0
INFO:root:rl, 0, 5, 0.8, 0.7666666666666667, 0.033333333333333326
INFO:root:rl, 0, 6, 0.8, 0.8, 0.0
INFO:root:rl, 0, 7, 0.8, 0.8, 0.0
INFO:root:rl, 0, 8, 0.8, 0.7666666666666667, 0.033333333333333326
INFO:root:rl, 0, 9, 0.8, 0.7, 0.10000000000000009
INFO:root:run: 0/1
INFO:root:RANDOM
INFO:root:run: 0/1
INFO:root:RANDOM
INFO:root:rand, 0, 0, 0.8, 0.8, 0.0
INFO:root:rand, 0, 1, 0.8, 0.8, 0.0
INFO:root:rand, 0, 2, 0.8, 0.7333333333333333, 0.06666666666666676
INFO:root:rand, 0, 3, 0.8, 0.8, 0.0
INFO:root:rand, 0, 4, 0.8, 0.8, 0.0
INFO:root:rand, 0, 5, 0.8, 0.8, 0.0
INFO:root:rand, 0, 6, 0.8, 0.8, 0.0
INFO:root:rand, 0, 7, 0.8, 0.7333333333333333, 0.06666666666666676
INFO:root:rand, 0, 8, 0.8, 0.7333333333333333, 0.06666666666666676
INFO:root:rand, 0, 9, 0.8, 0.7333333333333333, 0.06666666666666676
INFO:root:RL
INFO:root:rl, 0, 0, 0.8, 0.8, 0.0
INFO:root:rl, 0, 1, 0.8, 0.8, 0.0
INFO:root:rl, 0, 2, 0.8, 0.7666666666666667, 0.033333333333333326
INFO:root:rl, 0, 3, 0.8, 0.8, 0.0
INFO:root:rl, 0, 4, 0.8, 0.8, 0.0
INFO:root:rl, 0, 5, 0.8, 0.7666666666666667, 0.033333333333333326
INFO:root:rl, 0, 6, 0.8, 0.8, 0.0
INFO:root:rl, 0, 7, 0.8, 0.7666666666666667, 0.033333333333333326
INFO:root:rl, 0, 8, 0.8, 0.7666666666666667, 0.033333333333333326
INFO:root:rl, 0, 9, 0.8, 0.7, 0.10000000000000009
INFO:root:run: 0/1
INFO:root:RANDOM
INFO:root:rand, 0, 0, 0.9, 0.8333333333333334, 0.06666666666666671
INFO:root:rand, 0, 1, 0.9, 0.7333333333333333, 0.16666666666666663
INFO:root:rand, 0, 2, 0.9, 0.4666666666666667, 0.4333333333333333
INFO:root:rand, 0, 3, 0.9, 0.5, 0.4000000000000001
INFO:root:rand, 0, 4, 0.9, 0.8, 0.10000000000000003
INFO:root:rand, 0, 5, 0.9, 0.8, 0.09999999999999998
INFO:root:rand, 0, 6, 0.9, 0.7333333333333333, 0.1666666666666668
INFO:root:rand, 0, 7, 0.9, 0.7666666666666667, 0.1333333333333332
INFO:root:rand, 0, 8, 0.9, 0.8, 0.09999999999999992
INFO:root:rand, 0, 9, 0.9, 0.6333333333333333, 0.26666666666666694
INFO:root:RL
INFO:root:rl, 0, 0, 0.9, 0.36666666666666664, 0.5333333333333334
INFO:root:rl, 0, 1, 0.9, 0.3333333333333333, 0.5666666666666669
INFO:root:rl, 0, 2, 0.9, 0.8, 0.09999999999999998
INFO:root:rl, 0, 3, 0.9, 0.8333333333333334, 0.06666666666666665
INFO:root:rl, 0, 4, 0.9, 0.6, 0.30000000000000004
INFO:root:rl, 0, 5, 0.9, 0.6666666666666666, 0.2333333333333334
INFO:root:rl, 0, 6, 0.9, 0.3, 0.6000000000000001
INFO:root:rl, 0, 7, 0.9, 0.8666666666666667, 0.033333333333333326
INFO:root:rl, 0, 8, 0.9, 0.8333333333333334, 0.06666666666666654
INFO:root:rl, 0, 9, 0.9, 0.5, 0.4000000000000001
